<?xml version="1.0" encoding="UTF-8"?>
<!-- Generated by org.testng.reporters.JUnitXMLReporter -->
<testsuite ignored="0" hostname="STIPL-SMBD0080" failures="0" tests="2" name="End to End Framework Test" time="104.883" errors="0" timestamp="2024-12-24T16:48:47 IST">
  <testcase classname="org.rahulshettyacademy.Ecommerce_tc_4" name="fillForm" time="26.928"/>
  <testcase classname="org.rahulshettyacademy.Ecommerce_tc_4" name="fillForm" time="25.857"/>
</testsuite> <!-- End to End Framework Test -->
