<?xml version="1.0" encoding="UTF-8"?>
<!-- Generated by org.testng.reporters.JUnitXMLReporter -->
<testsuite ignored="0" hostname="STIPL-SMBD0080" failures="1" tests="2" name="Error Validations Test" time="67.946" errors="0" timestamp="2024-12-24T16:49:55 IST">
  <testcase classname="org.rahulshettyacademy.Ecommerce_tc_1" name="fillForm_PositiveFlow" time="11.227">
    <failure type="java.lang.AssertionError" message="expected [true] but found [false]">
      <![CDATA[java.lang.AssertionError: expected [true] but found [false]
at org.rahulshettyacademy.Ecommerce_tc_1.fillForm_PositiveFlow(Ecommerce_tc_1.java:73)
at java.base/java.util.ArrayList.forEach(ArrayList.java:1511)
... Removed 31 stack frames]]>
    </failure>
  </testcase> <!-- fillForm_PositiveFlow -->
  <testcase classname="org.rahulshettyacademy.Ecommerce_tc_1" name="fillForm_ErrorValidation" time="8.869"/>
</testsuite> <!-- Error Validations Test -->
