<?xml version="1.0" encoding="UTF-8"?>
<!-- Generated by org.testng.reporters.JUnitXMLReporter -->
<testsuite ignored="2" hostname="STIPL-SMBD0080" failures="0" tests="0" time="0.001" errors="0" timestamp="2025-01-02T15:10:14 IST">
  <testcase classname="org.rahulshettyacademy.Ecommerce_tc_1" name="fillForm_ErrorValidation" time="0.0">
    <ignored/>
  </testcase> <!-- fillForm_ErrorValidation -->
  <testcase classname="org.rahulshettyacademy.Ecommerce_tc_1" name="fillForm_PositiveFlow" time="0.0">
    <ignored/>
  </testcase> <!-- fillForm_PositiveFlow -->
</testsuite>
